Mon May  8 09:29:17 2017  
Mon May  8 09:29:17 2017  
Mon May  8 09:29:17 2017  Msieve v. 1.53 (SVN Unversioned directory)
Mon May  8 09:29:17 2017  random seeds: 616deac2 134a373b
Mon May  8 09:29:17 2017  factoring 456 (3 digits)
Mon May  8 09:29:17 2017  p1 factor: 2
Mon May  8 09:29:17 2017  p1 factor: 2
Mon May  8 09:29:17 2017  p1 factor: 2
Mon May  8 09:29:17 2017  p1 factor: 3
Mon May  8 09:29:17 2017  p2 factor: 19
Mon May  8 09:29:17 2017  elapsed time 00:00:00
Mon May  8 09:31:25 2017  
Mon May  8 09:31:25 2017  
Mon May  8 09:31:25 2017  Msieve v. 1.53 (SVN Unversioned directory)
Mon May  8 09:31:25 2017  random seeds: b59421d4 36b0ae64
Mon May  8 09:31:25 2017  factoring 456 (3 digits)
Mon May  8 09:31:25 2017  p1 factor: 2
Mon May  8 09:31:25 2017  p1 factor: 2
Mon May  8 09:31:25 2017  p1 factor: 2
Mon May  8 09:31:25 2017  p1 factor: 3
Mon May  8 09:31:25 2017  p2 factor: 19
Mon May  8 09:31:25 2017  elapsed time 00:00:00
Mon May  8 09:34:58 2017  
Mon May  8 09:34:58 2017  
Mon May  8 09:34:58 2017  Msieve v. 1.53 (SVN Unversioned directory)
Mon May  8 09:34:58 2017  random seeds: 0f8c3b12 50f59a9e
Mon May  8 09:34:58 2017  factoring 567 (3 digits)
Mon May  8 09:34:58 2017  p1 factor: 3
Mon May  8 09:34:58 2017  p1 factor: 3
Mon May  8 09:34:58 2017  p1 factor: 3
Mon May  8 09:34:58 2017  p1 factor: 3
Mon May  8 09:34:58 2017  p1 factor: 7
Mon May  8 09:34:58 2017  elapsed time 00:00:00
Mon May  8 09:35:00 2017  
Mon May  8 09:35:00 2017  
Mon May  8 09:35:00 2017  Msieve v. 1.53 (SVN Unversioned directory)
Mon May  8 09:35:00 2017  random seeds: e0d85938 fc5de366
Mon May  8 09:35:00 2017  factoring 567 (3 digits)
Mon May  8 09:35:00 2017  p1 factor: 3
Mon May  8 09:35:00 2017  p1 factor: 3
Mon May  8 09:35:00 2017  p1 factor: 3
Mon May  8 09:35:00 2017  p1 factor: 3
Mon May  8 09:35:00 2017  p1 factor: 7
Mon May  8 09:35:00 2017  elapsed time 00:00:00
Mon May  8 09:35:31 2017  
Mon May  8 09:35:31 2017  
Mon May  8 09:35:31 2017  Msieve v. 1.53 (SVN Unversioned directory)
Mon May  8 09:35:31 2017  random seeds: 61a29a2e 13e35620
Mon May  8 09:35:31 2017  factoring 567 (3 digits)
Mon May  8 09:35:31 2017  p1 factor: 3
Mon May  8 09:35:31 2017  p1 factor: 3
Mon May  8 09:35:31 2017  p1 factor: 3
Mon May  8 09:35:31 2017  p1 factor: 3
Mon May  8 09:35:31 2017  p1 factor: 7
Mon May  8 09:35:31 2017  elapsed time 00:00:00
